2025-06-08 08:20:52,351 - INFO - Логгер инициализирован.
2025-06-08 08:20:52,352 - INFO - Текущий уровень логгера: DEBUG
2025-06-08 08:20:52,352 - DEBUG - DEBUG message
2025-06-08 08:20:52,352 - INFO - INFO message
2025-06-08 08:20:52,352 - WARNING - WARNING message
2025-06-08 08:20:52,352 - ERROR - ERROR message
2025-06-08 08:20:52,352 - CRITICAL - CRITICAL message
2025-06-08 08:20:52,352 - INFO - Переход в data/main.py
2025-06-08 08:20:52,352 - INFO - Чтение разных параметров.
2025-06-08 08:20:52,352 - INFO - Передано: None
2025-06-08 08:20:52,352 - INFO - Создание объекта со всем текстом.
2025-06-08 08:20:52,353 - INFO - Получение языкавого файла.
2025-06-08 08:20:52,353 - INFO - Файл удачно записан в переменую.
2025-06-08 08:20:52,353 - INFO - main.py: старт приложения
2025-06-08 08:20:52,353 - INFO - __init__ приложения выполнен
2025-06-08 08:20:52,353 - INFO - ScreenManager создан
2025-06-08 08:20:52,354 - INFO - Загрузка настроек из конфига.
2025-06-08 08:20:52,354 - INFO - Текущее разрешение окна: 1280x720.
2025-06-08 08:20:52,354 - INFO - Текущий режим окна: False.
2025-06-08 08:20:52,355 - INFO - Метод build запущен
2025-06-08 08:20:52,355 - INFO - Base: Start application main loop
2025-06-08 08:20:53,214 - INFO - Base: Leaving application in progress...
